ERROR - 2023-01-02 15:06:00 --> mysqli_sql_exception: Column 'imagen' cannot be null in C:\xampp\htdocs\biblioteca\system\Database\MySQLi\Connection.php:292
Stack trace:
#0 C:\xampp\htdocs\biblioteca\system\Database\MySQLi\Connection.php(292): mysqli->query('INSERT INTO `li...', 0)
#1 C:\xampp\htdocs\biblioteca\system\Database\BaseConnection.php(666): CodeIgniter\Database\MySQLi\Connection->execute('INSERT INTO `li...')
#2 C:\xampp\htdocs\biblioteca\system\Database\BaseConnection.php(593): CodeIgniter\Database\BaseConnection->simpleQuery('INSERT INTO `li...')
#3 C:\xampp\htdocs\biblioteca\system\Database\BaseBuilder.php(1916): CodeIgniter\Database\BaseConnection->query('INSERT INTO `li...', Array, false)
#4 C:\xampp\htdocs\biblioteca\system\Model.php(303): CodeIgniter\Database\BaseBuilder->insert()
#5 C:\xampp\htdocs\biblioteca\system\BaseModel.php(750): CodeIgniter\Model->doInsert(Array)
#6 C:\xampp\htdocs\biblioteca\system\Model.php(695): CodeIgniter\BaseModel->insert(Array, true)
#7 C:\xampp\htdocs\biblioteca\app\Controllers\RestLibro.php(45): CodeIgniter\Model->insert(Array)
#8 C:\xampp\htdocs\biblioteca\system\CodeIgniter.php(925): App\Controllers\RestLibro->create()
#9 C:\xampp\htdocs\biblioteca\system\CodeIgniter.php(480): CodeIgniter\CodeIgniter->runController(Object(App\Controllers\RestLibro))
#10 C:\xampp\htdocs\biblioteca\system\CodeIgniter.php(349): CodeIgniter\CodeIgniter->handleRequest(NULL, Object(Config\Cache), false)
#11 C:\xampp\htdocs\biblioteca\public\index.php(67): CodeIgniter\CodeIgniter->run()
#12 {main}
ERROR - 2023-01-02 15:06:11 --> mysqli_sql_exception: Column 'imagen' cannot be null in C:\xampp\htdocs\biblioteca\system\Database\MySQLi\Connection.php:292
Stack trace:
#0 C:\xampp\htdocs\biblioteca\system\Database\MySQLi\Connection.php(292): mysqli->query('INSERT INTO `li...', 0)
#1 C:\xampp\htdocs\biblioteca\system\Database\BaseConnection.php(666): CodeIgniter\Database\MySQLi\Connection->execute('INSERT INTO `li...')
#2 C:\xampp\htdocs\biblioteca\system\Database\BaseConnection.php(593): CodeIgniter\Database\BaseConnection->simpleQuery('INSERT INTO `li...')
#3 C:\xampp\htdocs\biblioteca\system\Database\BaseBuilder.php(1916): CodeIgniter\Database\BaseConnection->query('INSERT INTO `li...', Array, false)
#4 C:\xampp\htdocs\biblioteca\system\Model.php(303): CodeIgniter\Database\BaseBuilder->insert()
#5 C:\xampp\htdocs\biblioteca\system\BaseModel.php(750): CodeIgniter\Model->doInsert(Array)
#6 C:\xampp\htdocs\biblioteca\system\Model.php(695): CodeIgniter\BaseModel->insert(Array, true)
#7 C:\xampp\htdocs\biblioteca\app\Controllers\RestLibro.php(45): CodeIgniter\Model->insert(Array)
#8 C:\xampp\htdocs\biblioteca\system\CodeIgniter.php(925): App\Controllers\RestLibro->create()
#9 C:\xampp\htdocs\biblioteca\system\CodeIgniter.php(480): CodeIgniter\CodeIgniter->runController(Object(App\Controllers\RestLibro))
#10 C:\xampp\htdocs\biblioteca\system\CodeIgniter.php(349): CodeIgniter\CodeIgniter->handleRequest(NULL, Object(Config\Cache), false)
#11 C:\xampp\htdocs\biblioteca\public\index.php(67): CodeIgniter\CodeIgniter->run()
#12 {main}
ERROR - 2023-01-02 15:06:13 --> mysqli_sql_exception: Column 'imagen' cannot be null in C:\xampp\htdocs\biblioteca\system\Database\MySQLi\Connection.php:292
Stack trace:
#0 C:\xampp\htdocs\biblioteca\system\Database\MySQLi\Connection.php(292): mysqli->query('INSERT INTO `li...', 0)
#1 C:\xampp\htdocs\biblioteca\system\Database\BaseConnection.php(666): CodeIgniter\Database\MySQLi\Connection->execute('INSERT INTO `li...')
#2 C:\xampp\htdocs\biblioteca\system\Database\BaseConnection.php(593): CodeIgniter\Database\BaseConnection->simpleQuery('INSERT INTO `li...')
#3 C:\xampp\htdocs\biblioteca\system\Database\BaseBuilder.php(1916): CodeIgniter\Database\BaseConnection->query('INSERT INTO `li...', Array, false)
#4 C:\xampp\htdocs\biblioteca\system\Model.php(303): CodeIgniter\Database\BaseBuilder->insert()
#5 C:\xampp\htdocs\biblioteca\system\BaseModel.php(750): CodeIgniter\Model->doInsert(Array)
#6 C:\xampp\htdocs\biblioteca\system\Model.php(695): CodeIgniter\BaseModel->insert(Array, true)
#7 C:\xampp\htdocs\biblioteca\app\Controllers\RestLibro.php(45): CodeIgniter\Model->insert(Array)
#8 C:\xampp\htdocs\biblioteca\system\CodeIgniter.php(925): App\Controllers\RestLibro->create()
#9 C:\xampp\htdocs\biblioteca\system\CodeIgniter.php(480): CodeIgniter\CodeIgniter->runController(Object(App\Controllers\RestLibro))
#10 C:\xampp\htdocs\biblioteca\system\CodeIgniter.php(349): CodeIgniter\CodeIgniter->handleRequest(NULL, Object(Config\Cache), false)
#11 C:\xampp\htdocs\biblioteca\public\index.php(67): CodeIgniter\CodeIgniter->run()
#12 {main}
ERROR - 2023-01-02 15:06:15 --> mysqli_sql_exception: Column 'imagen' cannot be null in C:\xampp\htdocs\biblioteca\system\Database\MySQLi\Connection.php:292
Stack trace:
#0 C:\xampp\htdocs\biblioteca\system\Database\MySQLi\Connection.php(292): mysqli->query('INSERT INTO `li...', 0)
#1 C:\xampp\htdocs\biblioteca\system\Database\BaseConnection.php(666): CodeIgniter\Database\MySQLi\Connection->execute('INSERT INTO `li...')
#2 C:\xampp\htdocs\biblioteca\system\Database\BaseConnection.php(593): CodeIgniter\Database\BaseConnection->simpleQuery('INSERT INTO `li...')
#3 C:\xampp\htdocs\biblioteca\system\Database\BaseBuilder.php(1916): CodeIgniter\Database\BaseConnection->query('INSERT INTO `li...', Array, false)
#4 C:\xampp\htdocs\biblioteca\system\Model.php(303): CodeIgniter\Database\BaseBuilder->insert()
#5 C:\xampp\htdocs\biblioteca\system\BaseModel.php(750): CodeIgniter\Model->doInsert(Array)
#6 C:\xampp\htdocs\biblioteca\system\Model.php(695): CodeIgniter\BaseModel->insert(Array, true)
#7 C:\xampp\htdocs\biblioteca\app\Controllers\RestLibro.php(45): CodeIgniter\Model->insert(Array)
#8 C:\xampp\htdocs\biblioteca\system\CodeIgniter.php(925): App\Controllers\RestLibro->create()
#9 C:\xampp\htdocs\biblioteca\system\CodeIgniter.php(480): CodeIgniter\CodeIgniter->runController(Object(App\Controllers\RestLibro))
#10 C:\xampp\htdocs\biblioteca\system\CodeIgniter.php(349): CodeIgniter\CodeIgniter->handleRequest(NULL, Object(Config\Cache), false)
#11 C:\xampp\htdocs\biblioteca\public\index.php(67): CodeIgniter\CodeIgniter->run()
#12 {main}
ERROR - 2023-01-02 15:06:29 --> mysqli_sql_exception: Column 'imagen' cannot be null in C:\xampp\htdocs\biblioteca\system\Database\MySQLi\Connection.php:292
Stack trace:
#0 C:\xampp\htdocs\biblioteca\system\Database\MySQLi\Connection.php(292): mysqli->query('INSERT INTO `li...', 0)
#1 C:\xampp\htdocs\biblioteca\system\Database\BaseConnection.php(666): CodeIgniter\Database\MySQLi\Connection->execute('INSERT INTO `li...')
#2 C:\xampp\htdocs\biblioteca\system\Database\BaseConnection.php(593): CodeIgniter\Database\BaseConnection->simpleQuery('INSERT INTO `li...')
#3 C:\xampp\htdocs\biblioteca\system\Database\BaseBuilder.php(1916): CodeIgniter\Database\BaseConnection->query('INSERT INTO `li...', Array, false)
#4 C:\xampp\htdocs\biblioteca\system\Model.php(303): CodeIgniter\Database\BaseBuilder->insert()
#5 C:\xampp\htdocs\biblioteca\system\BaseModel.php(750): CodeIgniter\Model->doInsert(Array)
#6 C:\xampp\htdocs\biblioteca\system\Model.php(695): CodeIgniter\BaseModel->insert(Array, true)
#7 C:\xampp\htdocs\biblioteca\app\Controllers\RestLibro.php(45): CodeIgniter\Model->insert(Array)
#8 C:\xampp\htdocs\biblioteca\system\CodeIgniter.php(925): App\Controllers\RestLibro->create()
#9 C:\xampp\htdocs\biblioteca\system\CodeIgniter.php(480): CodeIgniter\CodeIgniter->runController(Object(App\Controllers\RestLibro))
#10 C:\xampp\htdocs\biblioteca\system\CodeIgniter.php(349): CodeIgniter\CodeIgniter->handleRequest(NULL, Object(Config\Cache), false)
#11 C:\xampp\htdocs\biblioteca\public\index.php(67): CodeIgniter\CodeIgniter->run()
#12 {main}
CRITICAL - 2023-01-02 15:13:58 --> unlink(../public/uploads/): Is a directory
in APPPATH\Controllers\Libros.php on line 64.
 1 [internal function]: CodeIgniter\Debug\Exceptions->errorHandler(2, 'unlink(../public/uploads/): Is a directory', 'APPPATH\\Controllers\\Libros.php', 64)
 2 APPPATH\Controllers\Libros.php(64): unlink('FCPATH\\uploads')
 3 SYSTEMPATH\CodeIgniter.php(925): App\Controllers\Libros->borrar('16')
 4 SYSTEMPATH\CodeIgniter.php(480): CodeIgniter\CodeIgniter->runController(Object(App\Controllers\Libros))
 5 SYSTEMPATH\CodeIgniter.php(349): CodeIgniter\CodeIgniter->handleRequest(null, Object(Config\Cache), false)
 6 FCPATH\index.php(67): CodeIgniter\CodeIgniter->run()
CRITICAL - 2023-01-02 23:20:34 --> Invalid body indentation level (expecting an indentation level of at least 8)
in SYSTEMPATH\Commands\Database\ShowTableInfo.php on line 53.
 1 SYSTEMPATH\Autoloader\Autoloader.php(260): CodeIgniter\Autoloader\Autoloader->includeFile('SYSTEMPATH\\Commands\\Database\\ShowTableInfo.php')
 2 SYSTEMPATH\Autoloader\Autoloader.php(238): CodeIgniter\Autoloader\Autoloader->loadInNamespace('CodeIgniter\\Commands\\Database\\ShowTableInfo')
 3 [internal function]: CodeIgniter\Autoloader\Autoloader->loadClass('CodeIgniter\\Commands\\Database\\ShowTableInfo')
 4 [internal function]: spl_autoload_call('CodeIgniter\\Commands\\Database\\ShowTableInfo')
 5 SYSTEMPATH\CLI\Commands.php(101): class_exists('CodeIgniter\\Commands\\Database\\ShowTableInfo')
 6 SYSTEMPATH\CLI\Commands.php(46): CodeIgniter\CLI\Commands->discoverCommands()
 7 SYSTEMPATH\Config\Services.php(162): CodeIgniter\CLI\Commands->__construct()
 8 SYSTEMPATH\Config\BaseService.php(253): CodeIgniter\Config\Services::commands(false)
 9 SYSTEMPATH\Config\BaseService.php(194): CodeIgniter\Config\BaseService::__callStatic('commands', [...])
10 SYSTEMPATH\Config\Services.php(159): CodeIgniter\Config\BaseService::getSharedInstance('commands')
11 SYSTEMPATH\Config\BaseService.php(253): CodeIgniter\Config\Services::commands()
12 SYSTEMPATH\CLI\CommandRunner.php(35): CodeIgniter\Config\BaseService::__callStatic('commands', [])
13 SYSTEMPATH\CodeIgniter.php(887): CodeIgniter\CLI\CommandRunner->__construct()
14 SYSTEMPATH\CodeIgniter.php(471): CodeIgniter\CodeIgniter->createController()
15 SYSTEMPATH\CodeIgniter.php(345): CodeIgniter\CodeIgniter->handleRequest(null, Object(Config\Cache), false)
16 SYSTEMPATH\CLI\Console.php(48): CodeIgniter\CodeIgniter->run()
17 ROOTPATH\spark(98): CodeIgniter\CLI\Console->run()
CRITICAL - 2023-01-02 23:22:09 --> Invalid body indentation level (expecting an indentation level of at least 8)
in SYSTEMPATH\Commands\Database\ShowTableInfo.php on line 53.
 1 SYSTEMPATH\Autoloader\Autoloader.php(260): CodeIgniter\Autoloader\Autoloader->includeFile('SYSTEMPATH\\Commands\\Database\\ShowTableInfo.php')
 2 SYSTEMPATH\Autoloader\Autoloader.php(238): CodeIgniter\Autoloader\Autoloader->loadInNamespace('CodeIgniter\\Commands\\Database\\ShowTableInfo')
 3 [internal function]: CodeIgniter\Autoloader\Autoloader->loadClass('CodeIgniter\\Commands\\Database\\ShowTableInfo')
 4 [internal function]: spl_autoload_call('CodeIgniter\\Commands\\Database\\ShowTableInfo')
 5 SYSTEMPATH\CLI\Commands.php(101): class_exists('CodeIgniter\\Commands\\Database\\ShowTableInfo')
 6 SYSTEMPATH\CLI\Commands.php(46): CodeIgniter\CLI\Commands->discoverCommands()
 7 SYSTEMPATH\Config\Services.php(162): CodeIgniter\CLI\Commands->__construct()
 8 SYSTEMPATH\Config\BaseService.php(253): CodeIgniter\Config\Services::commands(false)
 9 SYSTEMPATH\Config\BaseService.php(194): CodeIgniter\Config\BaseService::__callStatic('commands', [...])
10 SYSTEMPATH\Config\Services.php(159): CodeIgniter\Config\BaseService::getSharedInstance('commands')
11 SYSTEMPATH\Config\BaseService.php(253): CodeIgniter\Config\Services::commands()
12 SYSTEMPATH\CLI\CommandRunner.php(35): CodeIgniter\Config\BaseService::__callStatic('commands', [])
13 SYSTEMPATH\CodeIgniter.php(887): CodeIgniter\CLI\CommandRunner->__construct()
14 SYSTEMPATH\CodeIgniter.php(471): CodeIgniter\CodeIgniter->createController()
15 SYSTEMPATH\CodeIgniter.php(345): CodeIgniter\CodeIgniter->handleRequest(null, Object(Config\Cache), false)
16 SYSTEMPATH\CLI\Console.php(48): CodeIgniter\CodeIgniter->run()
17 ROOTPATH\spark(98): CodeIgniter\CLI\Console->run()
